<?xml version="1.0" encoding="UTF-8"?>
<testng-results ignored="0" total="1" passed="1" failed="0" skipped="0">
  <reporter-output>
    <line>
      <![CDATA[Ebay Search Test is Successful...]]>
    </line>
  </reporter-output>
  <suite started-at="2022-06-21T20:35:51 IST" name="Suite" finished-at="2022-06-21T20:36:18 IST" duration-ms="26800">
    <groups>
    </groups>
    <test started-at="2022-06-21T20:35:51 IST" name="Test" finished-at="2022-06-21T20:36:18 IST" duration-ms="26800">
      <class name="myDemos.MyTest">
        <test-method signature="Search()[pri:0, instance:myDemos.MyTest@f5acb9d]" started-at="2022-06-21T20:35:51 IST" name="Search" finished-at="2022-06-21T20:36:18 IST" duration-ms="26623" status="PASS">
          <reporter-output>
            <line>
              <![CDATA[Ebay Search Test is Successful...]]>
            </line>
          </reporter-output>
        </test-method> <!-- Search -->
      </class> <!-- myDemos.MyTest -->
    </test> <!-- Test -->
  </suite> <!-- Suite -->
</testng-results>
