<?xml version="1.0" encoding="UTF-8"?>
<testng-results ignored="0" total="1" passed="1" failed="0" skipped="0">
  <reporter-output>
  </reporter-output>
  <suite started-at="2022-06-24T20:12:55 IST" name="Default suite" finished-at="2022-06-24T20:13:54 IST" duration-ms="59608">
    <groups>
    </groups>
    <test started-at="2022-06-24T20:12:55 IST" name="Default test" finished-at="2022-06-24T20:13:54 IST" duration-ms="59608">
      <class name="kwdfDemos.MyTest">
        <test-method signature="SampleTest()[pri:0, instance:kwdfDemos.MyTest@2cf3d63b]" started-at="2022-06-24T20:12:55 IST" name="SampleTest" finished-at="2022-06-24T20:13:54 IST" duration-ms="59461" status="PASS">
          <reporter-output>
          </reporter-output>
        </test-method> <!-- SampleTest -->
      </class> <!-- kwdfDemos.MyTest -->
    </test> <!-- Default test -->
  </suite> <!-- Default suite -->
</testng-results>
